d:\codes\vs2022\idea\networks\networks\x64\debug\vc143.pdb
d:\codes\vs2022\idea\networks\networks\x64\debug\vc143.idb
d:\codes\vs2022\idea\networks\networks\x64\debug\udpserver.obj
d:\codes\vs2022\idea\networks\networks\x64\debug\udpclient.obj
d:\codes\vs2022\idea\networks\networks\x64\debug\tcpserver.obj
d:\codes\vs2022\idea\networks\networks\x64\debug\tcpclient.obj
d:\codes\vs2022\idea\networks\networks\x64\debug\tcpsession.obj
d:\codes\vs2022\idea\networks\networks\x64\debug\echoserver.obj
d:\codes\vs2022\idea\networks\networks\x64\debug\networks.obj
d:\codes\vs2022\idea\networks\networks\x64\debug\utility.obj
d:\codes\vs2022\idea\networks\networks\x64\debug\context.obj
d:\codes\vs2022\idea\networks\x64\debug\networks.exe
d:\codes\vs2022\idea\networks\x64\debug\networks.pdb
d:\codes\vs2022\idea\networks\networks\x64\debug\networks.ilk
d:\codes\vs2022\idea\networks\networks\x64\debug\session.obj
d:\codes\vs2022\idea\networks\networks\x64\debug\tcpclientsession.obj
d:\codes\vs2022\idea\networks\networks\x64\debug\tcpserversession.obj
d:\codes\vs2022\idea\networks\networks\x64\debug\networks.tlog\cl.command.1.tlog
d:\codes\vs2022\idea\networks\networks\x64\debug\networks.tlog\cl.items.tlog
d:\codes\vs2022\idea\networks\networks\x64\debug\networks.tlog\cl.read.1.tlog
d:\codes\vs2022\idea\networks\networks\x64\debug\networks.tlog\cl.write.1.tlog
d:\codes\vs2022\idea\networks\networks\x64\debug\networks.tlog\link.command.1.tlog
d:\codes\vs2022\idea\networks\networks\x64\debug\networks.tlog\link.read.1.tlog
d:\codes\vs2022\idea\networks\networks\x64\debug\networks.tlog\link.secondary.1.tlog
d:\codes\vs2022\idea\networks\networks\x64\debug\networks.tlog\link.write.1.tlog
